2020-04-12 23:36:26,150 INFO o.a.j.u.JMeterUtils: Setting Locale to zh_CN
2020-04-12 23:36:26,161 INFO o.a.j.JMeter: Loading user properties from: user.properties
2020-04-12 23:36:26,161 INFO o.a.j.JMeter: Loading system properties from: system.properties
2020-04-12 23:36:26,162 INFO o.a.j.JMeter: Setting JMeter property: jmeter.save.saveservice.output_format=xml
2020-04-12 23:36:26,165 INFO o.a.j.JMeter: Copyright (c) 1998-2019 The Apache Software Foundation
2020-04-12 23:36:26,165 INFO o.a.j.JMeter: Version 5.1.1 r1855137
2020-04-12 23:36:26,165 INFO o.a.j.JMeter: java.version=1.8.0_66
2020-04-12 23:36:26,165 INFO o.a.j.JMeter: java.vm.name=Java HotSpot(TM) 64-Bit Server VM
2020-04-12 23:36:26,165 INFO o.a.j.JMeter: os.name=Windows 10
2020-04-12 23:36:26,165 INFO o.a.j.JMeter: os.arch=amd64
2020-04-12 23:36:26,165 INFO o.a.j.JMeter: os.version=10.0
2020-04-12 23:36:26,165 INFO o.a.j.JMeter: file.encoding=GBK
2020-04-12 23:36:26,165 INFO o.a.j.JMeter: java.awt.headless=true
2020-04-12 23:36:26,165 INFO o.a.j.JMeter: Max memory     =3797417984
2020-04-12 23:36:26,165 INFO o.a.j.JMeter: Available Processors =6
2020-04-12 23:36:26,170 INFO o.a.j.JMeter: Default Locale=中文 (中国)
2020-04-12 23:36:26,170 INFO o.a.j.JMeter: JMeter  Locale=中文 (中国)
2020-04-12 23:36:26,170 INFO o.a.j.JMeter: JMeterHome=D:\installation\apache-jmeter-5.1.1
2020-04-12 23:36:26,170 INFO o.a.j.JMeter: user.dir  =D:\installation\apache-jmeter-5.1.1\bin
2020-04-12 23:36:26,170 INFO o.a.j.JMeter: PWD       =D:\installation\apache-jmeter-5.1.1\bin
2020-04-12 23:36:30,677 INFO o.a.j.JMeter: IP: 192.168.15.1 Name: duankj-book FullName: duankj-book.chint.com
2020-04-12 23:36:30,679 INFO o.a.j.s.FileServer: Default base='D:\installation\apache-jmeter-5.1.1\bin'
2020-04-12 23:36:30,682 INFO o.a.j.s.FileServer: Set new base='D:\installation\apache-jmeter-5.1.1\common\jmx'
2020-04-12 23:36:30,778 INFO o.a.j.s.SaveService: Testplan (JMX) version: 2.2. Testlog (JTL) version: 2.2
2020-04-12 23:36:30,786 INFO o.a.j.s.SaveService: Using SaveService properties file encoding UTF-8
2020-04-12 23:36:30,789 INFO o.a.j.s.SaveService: Using SaveService properties version 5.0
2020-04-12 23:36:30,793 INFO o.a.j.s.SaveService: Loading file: D:\installation\apache-jmeter-5.1.1\common\jmx\新增资产.jmx
2020-04-12 23:36:30,823 INFO o.a.j.p.h.s.HTTPSamplerBase: Parser for text/html is org.apache.jmeter.protocol.http.parser.LagartoBasedHtmlParser
2020-04-12 23:36:30,823 INFO o.a.j.p.h.s.HTTPSamplerBase: Parser for application/xhtml+xml is org.apache.jmeter.protocol.http.parser.LagartoBasedHtmlParser
2020-04-12 23:36:30,823 INFO o.a.j.p.h.s.HTTPSamplerBase: Parser for application/xml is org.apache.jmeter.protocol.http.parser.LagartoBasedHtmlParser
2020-04-12 23:36:30,823 INFO o.a.j.p.h.s.HTTPSamplerBase: Parser for text/xml is org.apache.jmeter.protocol.http.parser.LagartoBasedHtmlParser
2020-04-12 23:36:30,823 INFO o.a.j.p.h.s.HTTPSamplerBase: Parser for text/vnd.wap.wml is org.apache.jmeter.protocol.http.parser.RegexpHTMLParser
2020-04-12 23:36:30,823 INFO o.a.j.p.h.s.HTTPSamplerBase: Parser for text/css is org.apache.jmeter.protocol.http.parser.CssParser
2020-04-12 23:36:30,845 INFO o.a.j.JMeter: Creating summariser <summary>
2020-04-12 23:36:30,848 INFO o.a.j.e.StandardJMeterEngine: Running the test!
2020-04-12 23:36:30,848 INFO o.a.j.s.SampleEvent: List of sample_variables: []
2020-04-12 23:36:30,848 INFO o.a.j.s.SampleEvent: List of sample_variables: []
2020-04-12 23:36:30,852 INFO o.a.j.e.u.CompoundVariable: Note: Function class names must contain the string: '.functions.'
2020-04-12 23:36:30,852 INFO o.a.j.e.u.CompoundVariable: Note: Function class names must not contain the string: '.gui.'
2020-04-12 23:36:31,084 INFO o.a.j.JMeter: 正在运行的测试 (1586705791083)
2020-04-12 23:36:31,129 INFO o.a.j.e.StandardJMeterEngine: Starting ThreadGroup: 1 : 线程组
2020-04-12 23:36:31,129 INFO o.a.j.e.StandardJMeterEngine: Starting 1 threads for group 线程组.
2020-04-12 23:36:31,130 INFO o.a.j.e.StandardJMeterEngine: Thread will continue on error
2020-04-12 23:36:31,130 INFO o.a.j.t.ThreadGroup: Starting thread group... number=1 threads=1 ramp-up=1 delayedStart=false
2020-04-12 23:36:31,133 INFO o.a.j.t.ThreadGroup: Started thread group number 1
2020-04-12 23:36:31,133 INFO o.a.j.e.StandardJMeterEngine: Starting ThreadGroup: 2 : 线程组
2020-04-12 23:36:31,133 INFO o.a.j.e.StandardJMeterEngine: Starting 1 threads for group 线程组.
2020-04-12 23:36:31,133 INFO o.a.j.e.StandardJMeterEngine: Thread will continue on error
2020-04-12 23:36:31,133 INFO o.a.j.t.ThreadGroup: Starting thread group... number=2 threads=1 ramp-up=1 delayedStart=false
2020-04-12 23:36:31,133 INFO o.a.j.t.ThreadGroup: Started thread group number 2
2020-04-12 23:36:31,134 INFO o.a.j.e.StandardJMeterEngine: All thread groups have been started
2020-04-12 23:36:31,135 INFO o.a.j.t.JMeterThread: Thread started: 线程组 2-1
2020-04-12 23:36:31,135 INFO o.a.j.t.JMeterThread: Thread started: 线程组 1-1
2020-04-12 23:36:31,147 INFO o.a.j.p.h.s.HTTPHCAbstractImpl: Local host = duankj-book
2020-04-12 23:36:31,153 INFO o.a.j.p.h.s.HTTPHC4Impl: HTTP request retry count = 0
2020-04-12 23:36:31,154 INFO o.a.j.s.SampleResult: Note: Sample TimeStamps are START times
2020-04-12 23:36:31,154 INFO o.a.j.s.SampleResult: sampleresult.default.encoding is set to ISO-8859-1
2020-04-12 23:36:31,154 INFO o.a.j.s.SampleResult: sampleresult.useNanoTime=true
2020-04-12 23:36:31,154 INFO o.a.j.s.SampleResult: sampleresult.nanoThreadSleep=5000
2020-04-12 23:36:31,212 INFO o.a.j.p.h.s.h.LazyLayeredConnectionSocketFactory: Setting up HTTPS TrustAll Socket Factory
2020-04-12 23:36:31,216 INFO o.a.j.u.JsseSSLManager: Using default SSL protocol: TLS
2020-04-12 23:36:31,216 INFO o.a.j.u.JsseSSLManager: SSL session context: per-thread
2020-04-12 23:36:31,250 INFO o.a.j.u.SSLManager: JmeterKeyStore Location:  type JKS
2020-04-12 23:36:31,252 INFO o.a.j.u.SSLManager: KeyStore created OK
2020-04-12 23:36:31,252 WARN o.a.j.u.SSLManager: Keystore file not found, loading empty keystore
2020-04-12 23:36:31,576 INFO o.a.j.r.Summariser: summary +      1 in 00:00:00 =    2.0/s Avg:   368 Min:   368 Max:   368 Err:     0 (0.00%) Active: 2 Started: 2 Finished: 0
2020-04-12 23:36:31,576 INFO o.a.j.t.JMeterThread: Thread is done: 线程组 2-1
2020-04-12 23:36:31,576 INFO o.a.j.t.JMeterThread: Thread finished: 线程组 2-1
2020-04-12 23:36:31,812 INFO o.a.j.t.JMeterThread: Thread is done: 线程组 1-1
2020-04-12 23:36:31,812 INFO o.a.j.t.JMeterThread: Thread finished: 线程组 1-1
2020-04-12 23:36:31,813 INFO o.a.j.e.StandardJMeterEngine: Notifying test listeners of end of test
2020-04-12 23:36:31,813 INFO o.a.j.r.Summariser: summary +      3 in 00:00:00 =   12.6/s Avg:   194 Min:    48 Max:   368 Err:     0 (0.00%) Active: 0 Started: 2 Finished: 2
2020-04-12 23:36:31,814 INFO o.a.j.r.Summariser: summary =      4 in 00:00:01 =    5.5/s Avg:   237 Min:    48 Max:   368 Err:     0 (0.00%)
